<?xml version="1.0" encoding="UTF-8"?>
<coverage generated="1751319851854" clover="3.2.0">
  <project timestamp="1751319851854" name="All files">
    <metrics statements="122" coveredstatements="80" conditionals="60" coveredconditionals="46" methods="37" coveredmethods="20" elements="219" coveredelements="146" complexity="0" loc="122" ncloc="122" packages="1" files="1" classes="1"/>
    <file name="App.js" path="/Users/mhlgvr/Documents/Yandex.Disk.localized/ОПР/Python/Final_project/last_night/frontend/src/App.js">
      <metrics statements="122" coveredstatements="80" conditionals="60" coveredconditionals="46" methods="37" coveredmethods="20"/>
      <line num="5" count="49" type="stmt"/>
      <line num="6" count="48" type="stmt"/>
      <line num="7" count="48" type="stmt"/>
      <line num="8" count="48" type="stmt"/>
      <line num="14" count="48" type="stmt"/>
      <line num="15" count="48" type="stmt"/>
      <line num="16" count="48" type="stmt"/>
      <line num="17" count="48" type="stmt"/>
      <line num="25" count="48" type="stmt"/>
      <line num="26" count="48" type="stmt"/>
      <line num="27" count="48" type="stmt"/>
      <line num="28" count="48" type="stmt"/>
      <line num="31" count="48" type="stmt"/>
      <line num="32" count="16" type="stmt"/>
      <line num="33" count="16" type="stmt"/>
      <line num="37" count="48" type="stmt"/>
      <line num="38" count="18" type="stmt"/>
      <line num="39" count="18" type="stmt"/>
      <line num="40" count="18" type="stmt"/>
      <line num="41" count="18" type="cond" truecount="2" falsecount="0"/>
      <line num="42" count="18" type="cond" truecount="1" falsecount="1"/>
      <line num="43" count="18" type="cond" truecount="1" falsecount="1"/>
      <line num="45" count="18" type="stmt"/>
      <line num="46" count="17" type="stmt"/>
      <line num="47" count="15" type="stmt"/>
      <line num="49" count="3" type="stmt"/>
      <line num="50" count="3" type="stmt"/>
      <line num="52" count="18" type="stmt"/>
      <line num="57" count="48" type="stmt"/>
      <line num="58" count="16" type="stmt"/>
      <line num="59" count="16" type="stmt"/>
      <line num="60" count="16" type="stmt"/>
      <line num="61" count="14" type="stmt"/>
      <line num="63" count="2" type="stmt"/>
      <line num="68" count="48" type="stmt"/>
      <line num="69" count="0" type="stmt"/>
      <line num="73" count="48" type="stmt"/>
      <line num="74" count="1" type="stmt"/>
      <line num="78" count="48" type="stmt"/>
      <line num="79" count="1" type="stmt"/>
      <line num="80" count="1" type="stmt"/>
      <line num="87" count="1" type="cond" truecount="1" falsecount="1"/>
      <line num="88" count="1" type="stmt"/>
      <line num="90" count="1" type="stmt"/>
      <line num="92" count="0" type="stmt"/>
      <line num="93" count="0" type="cond" truecount="0" falsecount="2"/>
      <line num="96" count="0" type="stmt"/>
      <line num="97" count="0" type="stmt"/>
      <line num="102" count="48" type="stmt"/>
      <line num="103" count="1" type="stmt"/>
      <line num="104" count="1" type="stmt"/>
      <line num="105" count="1" type="cond" truecount="1" falsecount="1"/>
      <line num="106" count="1" type="stmt"/>
      <line num="107" count="1" type="stmt"/>
      <line num="109" count="0" type="stmt"/>
      <line num="112" count="0" type="stmt"/>
      <line num="117" count="48" type="stmt"/>
      <line num="118" count="0" type="stmt"/>
      <line num="119" count="0" type="stmt"/>
      <line num="120" count="0" type="stmt"/>
      <line num="128" count="0" type="cond" truecount="0" falsecount="2"/>
      <line num="129" count="0" type="stmt"/>
      <line num="130" count="0" type="stmt"/>
      <line num="131" count="0" type="stmt"/>
      <line num="140" count="0" type="stmt"/>
      <line num="141" count="0" type="stmt"/>
      <line num="143" count="0" type="stmt"/>
      <line num="144" count="0" type="cond" truecount="0" falsecount="2"/>
      <line num="147" count="0" type="stmt"/>
      <line num="148" count="0" type="stmt"/>
      <line num="153" count="48" type="stmt"/>
      <line num="154" count="0" type="stmt"/>
      <line num="155" count="0" type="stmt"/>
      <line num="162" count="48" type="stmt"/>
      <line num="163" count="3" type="stmt"/>
      <line num="164" count="3" type="stmt"/>
      <line num="165" count="3" type="stmt"/>
      <line num="173" count="3" type="cond" truecount="2" falsecount="0"/>
      <line num="174" count="2" type="stmt"/>
      <line num="175" count="2" type="stmt"/>
      <line num="176" count="2" type="stmt"/>
      <line num="177" count="2" type="stmt"/>
      <line num="179" count="1" type="stmt"/>
      <line num="182" count="0" type="stmt"/>
      <line num="183" count="0" type="stmt"/>
      <line num="188" count="48" type="stmt"/>
      <line num="189" count="1" type="stmt"/>
      <line num="190" count="1" type="stmt"/>
      <line num="193" count="48" type="cond" truecount="2" falsecount="0"/>
      <line num="194" count="16" type="stmt"/>
      <line num="197" count="32" type="stmt"/>
      <line num="205" count="1" type="stmt"/>
      <line num="206" count="1" type="cond" truecount="1" falsecount="1"/>
      <line num="207" count="1" type="stmt"/>
      <line num="215" count="2" type="stmt"/>
      <line num="222" count="4" type="stmt"/>
      <line num="247" count="3" type="stmt"/>
      <line num="258" count="0" type="stmt"/>
      <line num="259" count="0" type="stmt"/>
      <line num="319" count="1" type="stmt"/>
      <line num="350" count="0" type="stmt"/>
      <line num="383" count="0" type="stmt"/>
      <line num="387" count="11" type="stmt"/>
      <line num="398" count="1" type="stmt"/>
      <line num="407" count="0" type="stmt"/>
      <line num="416" count="0" type="stmt"/>
      <line num="432" count="1" type="stmt"/>
      <line num="438" count="0" type="stmt"/>
      <line num="446" count="0" type="stmt"/>
      <line num="464" count="9" type="stmt"/>
      <line num="470" count="0" type="stmt"/>
      <line num="471" count="0" type="stmt"/>
      <line num="479" count="12" type="stmt"/>
      <line num="488" count="1" type="stmt"/>
      <line num="507" count="0" type="stmt"/>
      <line num="508" count="0" type="stmt"/>
      <line num="516" count="0" type="stmt"/>
      <line num="517" count="0" type="stmt"/>
      <line num="518" count="0" type="cond" truecount="0" falsecount="2"/>
      <line num="519" count="0" type="stmt"/>
      <line num="520" count="0" type="stmt"/>
      <line num="523" count="0" type="stmt"/>
    </file>
  </project>
</coverage>
