{"/Users/mhlgvr/Documents/Yandex.Disk.localized/ОПР/Python/Final_project/last_night/frontend/src/App.js": {"path":"/Users/mhlgvr/Documents/Yandex.Disk.localized/ОПР/Python/Final_project/last_night/frontend/src/App.js","statementMap":{"0":{"start":{"line":5,"column":28},"end":{"line":5,"column":40}},"1":{"start":{"line":6,"column":30},"end":{"line":6,"column":42}},"2":{"start":{"line":7,"column":32},"end":{"line":7,"column":46}},"3":{"start":{"line":8,"column":32},"end":{"line":13,"column":4}},"4":{"start":{"line":14,"column":40},"end":{"line":14,"column":55}},"5":{"start":{"line":15,"column":40},"end":{"line":15,"column":55}},"6":{"start":{"line":16,"column":32},"end":{"line":16,"column":44}},"7":{"start":{"line":17,"column":32},"end":{"line":24,"column":4}},"8":{"start":{"line":25,"column":28},"end":{"line":25,"column":42}},"9":{"start":{"line":26,"column":32},"end":{"line":26,"column":47}},"10":{"start":{"line":27,"column":46},"end":{"line":27,"column":61}},"11":{"start":{"line":28,"column":44},"end":{"line":28,"column":56}},"12":{"start":{"line":31,"column":2},"end":{"line":34,"column":9}},"13":{"start":{"line":32,"column":4},"end":{"line":32,"column":17}},"14":{"start":{"line":33,"column":4},"end":{"line":33,"column":18}},"15":{"start":{"line":37,"column":21},"end":{"line":54,"column":3}},"16":{"start":{"line":38,"column":4},"end":{"line":53,"column":5}},"17":{"start":{"line":39,"column":6},"end":{"line":39,"column":21}},"18":{"start":{"line":40,"column":21},"end":{"line":40,"column":42}},"19":{"start":{"line":41,"column":6},"end":{"line":41,"column":66}},"20":{"start":{"line":41,"column":26},"end":{"line":41,"column":66}},"21":{"start":{"line":42,"column":6},"end":{"line":42,"column":63}},"22":{"start":{"line":42,"column":25},"end":{"line":42,"column":63}},"23":{"start":{"line":43,"column":6},"end":{"line":43,"column":72}},"24":{"start":{"line":43,"column":28},"end":{"line":43,"column":72}},"25":{"start":{"line":45,"column":23},"end":{"line":45,"column":79}},"26":{"start":{"line":46,"column":19},"end":{"line":46,"column":40}},"27":{"start":{"line":47,"column":6},"end":{"line":47,"column":21}},"28":{"start":{"line":49,"column":6},"end":{"line":49,"column":52}},"29":{"start":{"line":50,"column":6},"end":{"line":50,"column":41}},"30":{"start":{"line":52,"column":6},"end":{"line":52,"column":24}},"31":{"start":{"line":57,"column":22},"end":{"line":65,"column":3}},"32":{"start":{"line":58,"column":4},"end":{"line":64,"column":5}},"33":{"start":{"line":59,"column":23},"end":{"line":59,"column":70}},"34":{"start":{"line":60,"column":19},"end":{"line":60,"column":40}},"35":{"start":{"line":61,"column":6},"end":{"line":61,"column":22}},"36":{"start":{"line":63,"column":6},"end":{"line":63,"column":60}},"37":{"start":{"line":68,"column":29},"end":{"line":70,"column":3}},"38":{"start":{"line":69,"column":4},"end":{"line":69,"column":54}},"39":{"start":{"line":69,"column":24},"end":{"line":69,"column":51}},"40":{"start":{"line":73,"column":23},"end":{"line":75,"column":3}},"41":{"start":{"line":74,"column":4},"end":{"line":74,"column":17}},"42":{"start":{"line":78,"column":19},"end":{"line":99,"column":3}},"43":{"start":{"line":79,"column":4},"end":{"line":98,"column":5}},"44":{"start":{"line":80,"column":23},"end":{"line":85,"column":8}},"45":{"start":{"line":87,"column":6},"end":{"line":94,"column":7}},"46":{"start":{"line":88,"column":8},"end":{"line":88,"column":40}},"47":{"start":{"line":90,"column":8},"end":{"line":90,"column":21}},"48":{"start":{"line":92,"column":22},"end":{"line":92,"column":43}},"49":{"start":{"line":93,"column":8},"end":{"line":93,"column":72}},"50":{"start":{"line":96,"column":6},"end":{"line":96,"column":55}},"51":{"start":{"line":97,"column":6},"end":{"line":97,"column":39}},"52":{"start":{"line":102,"column":23},"end":{"line":114,"column":3}},"53":{"start":{"line":103,"column":4},"end":{"line":113,"column":5}},"54":{"start":{"line":104,"column":23},"end":{"line":104,"column":72}},"55":{"start":{"line":105,"column":6},"end":{"line":110,"column":7}},"56":{"start":{"line":106,"column":21},"end":{"line":106,"column":42}},"57":{"start":{"line":107,"column":8},"end":{"line":107,"column":25}},"58":{"start":{"line":109,"column":8},"end":{"line":109,"column":56}},"59":{"start":{"line":112,"column":6},"end":{"line":112,"column":62}},"60":{"start":{"line":117,"column":18},"end":{"line":150,"column":3}},"61":{"start":{"line":118,"column":4},"end":{"line":118,"column":23}},"62":{"start":{"line":119,"column":4},"end":{"line":149,"column":5}},"63":{"start":{"line":120,"column":23},"end":{"line":126,"column":8}},"64":{"start":{"line":128,"column":6},"end":{"line":145,"column":7}},"65":{"start":{"line":129,"column":8},"end":{"line":129,"column":42}},"66":{"start":{"line":130,"column":8},"end":{"line":130,"column":30}},"67":{"start":{"line":131,"column":8},"end":{"line":138,"column":11}},"68":{"start":{"line":140,"column":8},"end":{"line":140,"column":21}},"69":{"start":{"line":141,"column":8},"end":{"line":141,"column":23}},"70":{"start":{"line":143,"column":22},"end":{"line":143,"column":43}},"71":{"start":{"line":144,"column":8},"end":{"line":144,"column":73}},"72":{"start":{"line":147,"column":6},"end":{"line":147,"column":59}},"73":{"start":{"line":148,"column":6},"end":{"line":148,"column":43}},"74":{"start":{"line":153,"column":28},"end":{"line":159,"column":3}},"75":{"start":{"line":154,"column":28},"end":{"line":154,"column":36}},"76":{"start":{"line":155,"column":4},"end":{"line":158,"column":8}},"77":{"start":{"line":155,"column":24},"end":{"line":158,"column":5}},"78":{"start":{"line":162,"column":21},"end":{"line":185,"column":3}},"79":{"start":{"line":163,"column":4},"end":{"line":163,"column":23}},"80":{"start":{"line":164,"column":4},"end":{"line":184,"column":5}},"81":{"start":{"line":165,"column":23},"end":{"line":171,"column":8}},"82":{"start":{"line":173,"column":6},"end":{"line":180,"column":7}},"83":{"start":{"line":174,"column":8},"end":{"line":174,"column":25}},"84":{"start":{"line":175,"column":8},"end":{"line":175,"column":33}},"85":{"start":{"line":176,"column":8},"end":{"line":176,"column":29}},"86":{"start":{"line":177,"column":8},"end":{"line":177,"column":42}},"87":{"start":{"line":179,"column":8},"end":{"line":179,"column":34}},"88":{"start":{"line":182,"column":6},"end":{"line":182,"column":53}},"89":{"start":{"line":183,"column":6},"end":{"line":183,"column":37}},"90":{"start":{"line":188,"column":22},"end":{"line":191,"column":3}},"91":{"start":{"line":189,"column":4},"end":{"line":189,"column":22}},"92":{"start":{"line":190,"column":4},"end":{"line":190,"column":35}},"93":{"start":{"line":193,"column":2},"end":{"line":195,"column":3}},"94":{"start":{"line":194,"column":4},"end":{"line":194,"column":50}},"95":{"start":{"line":197,"column":2},"end":{"line":542,"column":4}},"96":{"start":{"line":205,"column":14},"end":{"line":205,"column":43}},"97":{"start":{"line":206,"column":14},"end":{"line":208,"column":15}},"98":{"start":{"line":207,"column":16},"end":{"line":207,"column":31}},"99":{"start":{"line":215,"column":27},"end":{"line":215,"column":55}},"100":{"start":{"line":222,"column":29},"end":{"line":222,"column":52}},"101":{"start":{"line":247,"column":33},"end":{"line":247,"column":65}},"102":{"start":{"line":258,"column":18},"end":{"line":258,"column":43}},"103":{"start":{"line":259,"column":18},"end":{"line":259,"column":39}},"104":{"start":{"line":319,"column":20},"end":{"line":321,"column":29}},"105":{"start":{"line":350,"column":31},"end":{"line":350,"column":52}},"106":{"start":{"line":383,"column":35},"end":{"line":383,"column":85}},"107":{"start":{"line":387,"column":20},"end":{"line":389,"column":29}},"108":{"start":{"line":398,"column":35},"end":{"line":398,"column":83}},"109":{"start":{"line":407,"column":35},"end":{"line":407,"column":82}},"110":{"start":{"line":416,"column":35},"end":{"line":416,"column":81}},"111":{"start":{"line":432,"column":18},"end":{"line":454,"column":24}},"112":{"start":{"line":438,"column":24},"end":{"line":438,"column":102}},"113":{"start":{"line":446,"column":74},"end":{"line":446,"column":96}},"114":{"start":{"line":464,"column":18},"end":{"line":490,"column":24}},"115":{"start":{"line":470,"column":24},"end":{"line":470,"column":90}},"116":{"start":{"line":471,"column":24},"end":{"line":471,"column":102}},"117":{"start":{"line":479,"column":74},"end":{"line":479,"column":96}},"118":{"start":{"line":488,"column":45},"end":{"line":488,"column":62}},"119":{"start":{"line":507,"column":71},"end":{"line":507,"column":81}},"120":{"start":{"line":508,"column":71},"end":{"line":508,"column":80}},"121":{"start":{"line":516,"column":20},"end":{"line":524,"column":21}},"122":{"start":{"line":517,"column":39},"end":{"line":517,"column":92}},"123":{"start":{"line":518,"column":22},"end":{"line":521,"column":23}},"124":{"start":{"line":519,"column":39},"end":{"line":519,"column":60}},"125":{"start":{"line":520,"column":24},"end":{"line":520,"column":126}},"126":{"start":{"line":520,"column":81},"end":{"line":520,"column":110}},"127":{"start":{"line":523,"column":22},"end":{"line":523,"column":55}}},"fnMap":{"0":{"name":"App","decl":{"start":{"line":4,"column":9},"end":{"line":4,"column":12}},"loc":{"start":{"line":4,"column":15},"end":{"line":543,"column":1}},"line":4},"1":{"name":"(anonymous_1)","decl":{"start":{"line":31,"column":12},"end":{"line":31,"column":13}},"loc":{"start":{"line":31,"column":18},"end":{"line":34,"column":3}},"line":31},"2":{"name":"(anonymous_2)","decl":{"start":{"line":37,"column":21},"end":{"line":37,"column":22}},"loc":{"start":{"line":37,"column":33},"end":{"line":54,"column":3}},"line":37},"3":{"name":"(anonymous_3)","decl":{"start":{"line":57,"column":22},"end":{"line":57,"column":23}},"loc":{"start":{"line":57,"column":34},"end":{"line":65,"column":3}},"line":57},"4":{"name":"(anonymous_4)","decl":{"start":{"line":68,"column":29},"end":{"line":68,"column":30}},"loc":{"start":{"line":68,"column":47},"end":{"line":70,"column":3}},"line":68},"5":{"name":"(anonymous_5)","decl":{"start":{"line":69,"column":15},"end":{"line":69,"column":16}},"loc":{"start":{"line":69,"column":24},"end":{"line":69,"column":51}},"line":69},"6":{"name":"(anonymous_6)","decl":{"start":{"line":73,"column":23},"end":{"line":73,"column":24}},"loc":{"start":{"line":73,"column":29},"end":{"line":75,"column":3}},"line":73},"7":{"name":"(anonymous_7)","decl":{"start":{"line":78,"column":19},"end":{"line":78,"column":20}},"loc":{"start":{"line":78,"column":37},"end":{"line":99,"column":3}},"line":78},"8":{"name":"(anonymous_8)","decl":{"start":{"line":102,"column":23},"end":{"line":102,"column":24}},"loc":{"start":{"line":102,"column":35},"end":{"line":114,"column":3}},"line":102},"9":{"name":"(anonymous_9)","decl":{"start":{"line":117,"column":18},"end":{"line":117,"column":19}},"loc":{"start":{"line":117,"column":31},"end":{"line":150,"column":3}},"line":117},"10":{"name":"(anonymous_10)","decl":{"start":{"line":153,"column":28},"end":{"line":153,"column":29}},"loc":{"start":{"line":153,"column":35},"end":{"line":159,"column":3}},"line":153},"11":{"name":"(anonymous_11)","decl":{"start":{"line":155,"column":15},"end":{"line":155,"column":16}},"loc":{"start":{"line":155,"column":24},"end":{"line":158,"column":5}},"line":155},"12":{"name":"(anonymous_12)","decl":{"start":{"line":162,"column":21},"end":{"line":162,"column":22}},"loc":{"start":{"line":162,"column":34},"end":{"line":185,"column":3}},"line":162},"13":{"name":"(anonymous_13)","decl":{"start":{"line":188,"column":22},"end":{"line":188,"column":23}},"loc":{"start":{"line":188,"column":28},"end":{"line":191,"column":3}},"line":188},"14":{"name":"(anonymous_14)","decl":{"start":{"line":204,"column":21},"end":{"line":204,"column":22}},"loc":{"start":{"line":204,"column":27},"end":{"line":209,"column":13}},"line":204},"15":{"name":"(anonymous_15)","decl":{"start":{"line":215,"column":21},"end":{"line":215,"column":22}},"loc":{"start":{"line":215,"column":27},"end":{"line":215,"column":55}},"line":215},"16":{"name":"(anonymous_16)","decl":{"start":{"line":222,"column":23},"end":{"line":222,"column":24}},"loc":{"start":{"line":222,"column":29},"end":{"line":222,"column":52}},"line":222},"17":{"name":"(anonymous_17)","decl":{"start":{"line":247,"column":26},"end":{"line":247,"column":27}},"loc":{"start":{"line":247,"column":33},"end":{"line":247,"column":65}},"line":247},"18":{"name":"(anonymous_18)","decl":{"start":{"line":257,"column":25},"end":{"line":257,"column":26}},"loc":{"start":{"line":257,"column":31},"end":{"line":260,"column":17}},"line":257},"19":{"name":"(anonymous_19)","decl":{"start":{"line":318,"column":30},"end":{"line":318,"column":31}},"loc":{"start":{"line":319,"column":20},"end":{"line":321,"column":29}},"line":319},"20":{"name":"(anonymous_20)","decl":{"start":{"line":350,"column":25},"end":{"line":350,"column":26}},"loc":{"start":{"line":350,"column":31},"end":{"line":350,"column":52}},"line":350},"21":{"name":"(anonymous_21)","decl":{"start":{"line":383,"column":28},"end":{"line":383,"column":29}},"loc":{"start":{"line":383,"column":35},"end":{"line":383,"column":85}},"line":383},"22":{"name":"(anonymous_22)","decl":{"start":{"line":386,"column":30},"end":{"line":386,"column":31}},"loc":{"start":{"line":387,"column":20},"end":{"line":389,"column":29}},"line":387},"23":{"name":"(anonymous_23)","decl":{"start":{"line":398,"column":28},"end":{"line":398,"column":29}},"loc":{"start":{"line":398,"column":35},"end":{"line":398,"column":83}},"line":398},"24":{"name":"(anonymous_24)","decl":{"start":{"line":407,"column":28},"end":{"line":407,"column":29}},"loc":{"start":{"line":407,"column":35},"end":{"line":407,"column":82}},"line":407},"25":{"name":"(anonymous_25)","decl":{"start":{"line":416,"column":28},"end":{"line":416,"column":29}},"loc":{"start":{"line":416,"column":35},"end":{"line":416,"column":81}},"line":416},"26":{"name":"(anonymous_26)","decl":{"start":{"line":431,"column":29},"end":{"line":431,"column":30}},"loc":{"start":{"line":432,"column":18},"end":{"line":454,"column":24}},"line":432},"27":{"name":"(anonymous_27)","decl":{"start":{"line":437,"column":31},"end":{"line":437,"column":32}},"loc":{"start":{"line":437,"column":38},"end":{"line":439,"column":23}},"line":437},"28":{"name":"(anonymous_28)","decl":{"start":{"line":446,"column":69},"end":{"line":446,"column":70}},"loc":{"start":{"line":446,"column":74},"end":{"line":446,"column":96}},"line":446},"29":{"name":"(anonymous_29)","decl":{"start":{"line":463,"column":27},"end":{"line":463,"column":28}},"loc":{"start":{"line":464,"column":18},"end":{"line":490,"column":24}},"line":464},"30":{"name":"(anonymous_30)","decl":{"start":{"line":469,"column":31},"end":{"line":469,"column":32}},"loc":{"start":{"line":469,"column":38},"end":{"line":472,"column":23}},"line":469},"31":{"name":"(anonymous_31)","decl":{"start":{"line":479,"column":69},"end":{"line":479,"column":70}},"loc":{"start":{"line":479,"column":74},"end":{"line":479,"column":96}},"line":479},"32":{"name":"(anonymous_32)","decl":{"start":{"line":488,"column":39},"end":{"line":488,"column":40}},"loc":{"start":{"line":488,"column":45},"end":{"line":488,"column":62}},"line":488},"33":{"name":"(anonymous_33)","decl":{"start":{"line":507,"column":66},"end":{"line":507,"column":67}},"loc":{"start":{"line":507,"column":71},"end":{"line":507,"column":81}},"line":507},"34":{"name":"(anonymous_34)","decl":{"start":{"line":508,"column":66},"end":{"line":508,"column":67}},"loc":{"start":{"line":508,"column":71},"end":{"line":508,"column":80}},"line":508},"35":{"name":"(anonymous_35)","decl":{"start":{"line":515,"column":27},"end":{"line":515,"column":28}},"loc":{"start":{"line":515,"column":39},"end":{"line":525,"column":19}},"line":515},"36":{"name":"(anonymous_36)","decl":{"start":{"line":520,"column":76},"end":{"line":520,"column":77}},"loc":{"start":{"line":520,"column":81},"end":{"line":520,"column":110}},"line":520}},"branchMap":{"0":{"loc":{"start":{"line":41,"column":6},"end":{"line":41,"column":66}},"type":"if","locations":[{"start":{"line":41,"column":6},"end":{"line":41,"column":66}},{"start":{},"end":{}}],"line":41},"1":{"loc":{"start":{"line":42,"column":6},"end":{"line":42,"column":63}},"type":"if","locations":[{"start":{"line":42,"column":6},"end":{"line":42,"column":63}},{"start":{},"end":{}}],"line":42},"2":{"loc":{"start":{"line":43,"column":6},"end":{"line":43,"column":72}},"type":"if","locations":[{"start":{"line":43,"column":6},"end":{"line":43,"column":72}},{"start":{},"end":{}}],"line":43},"3":{"loc":{"start":{"line":87,"column":6},"end":{"line":94,"column":7}},"type":"if","locations":[{"start":{"line":87,"column":6},"end":{"line":94,"column":7}},{"start":{"line":91,"column":13},"end":{"line":94,"column":7}}],"line":87},"4":{"loc":{"start":{"line":93,"column":25},"end":{"line":93,"column":68}},"type":"binary-expr","locations":[{"start":{"line":93,"column":25},"end":{"line":93,"column":38}},{"start":{"line":93,"column":42},"end":{"line":93,"column":68}}],"line":93},"5":{"loc":{"start":{"line":105,"column":6},"end":{"line":110,"column":7}},"type":"if","locations":[{"start":{"line":105,"column":6},"end":{"line":110,"column":7}},{"start":{"line":108,"column":13},"end":{"line":110,"column":7}}],"line":105},"6":{"loc":{"start":{"line":128,"column":6},"end":{"line":145,"column":7}},"type":"if","locations":[{"start":{"line":128,"column":6},"end":{"line":145,"column":7}},{"start":{"line":142,"column":13},"end":{"line":145,"column":7}}],"line":128},"7":{"loc":{"start":{"line":144,"column":25},"end":{"line":144,"column":69}},"type":"binary-expr","locations":[{"start":{"line":144,"column":25},"end":{"line":144,"column":38}},{"start":{"line":144,"column":42},"end":{"line":144,"column":69}}],"line":144},"8":{"loc":{"start":{"line":173,"column":6},"end":{"line":180,"column":7}},"type":"if","locations":[{"start":{"line":173,"column":6},"end":{"line":180,"column":7}},{"start":{"line":178,"column":13},"end":{"line":180,"column":7}}],"line":173},"9":{"loc":{"start":{"line":193,"column":2},"end":{"line":195,"column":3}},"type":"if","locations":[{"start":{"line":193,"column":2},"end":{"line":195,"column":3}},{"start":{},"end":{}}],"line":193},"10":{"loc":{"start":{"line":206,"column":14},"end":{"line":208,"column":15}},"type":"if","locations":[{"start":{"line":206,"column":14},"end":{"line":208,"column":15}},{"start":{},"end":{}}],"line":206},"11":{"loc":{"start":{"line":211,"column":13},"end":{"line":211,"column":52}},"type":"cond-expr","locations":[{"start":{"line":211,"column":27},"end":{"line":211,"column":38}},{"start":{"line":211,"column":41},"end":{"line":211,"column":52}}],"line":211},"12":{"loc":{"start":{"line":217,"column":13},"end":{"line":217,"column":54}},"type":"cond-expr","locations":[{"start":{"line":217,"column":27},"end":{"line":217,"column":35}},{"start":{"line":217,"column":38},"end":{"line":217,"column":54}}],"line":217},"13":{"loc":{"start":{"line":219,"column":11},"end":{"line":233,"column":11}},"type":"cond-expr","locations":[{"start":{"line":220,"column":12},"end":{"line":225,"column":21}},{"start":{"line":227,"column":12},"end":{"line":232,"column":21}}],"line":219},"14":{"loc":{"start":{"line":238,"column":7},"end":{"line":267,"column":7}},"type":"binary-expr","locations":[{"start":{"line":238,"column":7},"end":{"line":238,"column":21}},{"start":{"line":239,"column":8},"end":{"line":266,"column":14}}],"line":238},"15":{"loc":{"start":{"line":270,"column":7},"end":{"line":357,"column":7}},"type":"binary-expr","locations":[{"start":{"line":270,"column":7},"end":{"line":270,"column":18}},{"start":{"line":271,"column":8},"end":{"line":356,"column":14}}],"line":270},"16":{"loc":{"start":{"line":361,"column":9},"end":{"line":372,"column":9}},"type":"binary-expr","locations":[{"start":{"line":361,"column":9},"end":{"line":361,"column":14}},{"start":{"line":362,"column":10},"end":{"line":371,"column":16}}],"line":361},"17":{"loc":{"start":{"line":375,"column":9},"end":{"line":423,"column":9}},"type":"binary-expr","locations":[{"start":{"line":375,"column":9},"end":{"line":375,"column":21}},{"start":{"line":376,"column":10},"end":{"line":422,"column":16}}],"line":375},"18":{"loc":{"start":{"line":427,"column":15},"end":{"line":427,"column":64}},"type":"cond-expr","locations":[{"start":{"line":427,"column":29},"end":{"line":427,"column":40}},{"start":{"line":427,"column":43},"end":{"line":427,"column":64}}],"line":427},"19":{"loc":{"start":{"line":428,"column":11},"end":{"line":496,"column":11}},"type":"cond-expr","locations":[{"start":{"line":429,"column":12},"end":{"line":459,"column":13}},{"start":{"line":461,"column":12},"end":{"line":495,"column":13}}],"line":428},"20":{"loc":{"start":{"line":429,"column":12},"end":{"line":459,"column":13}},"type":"cond-expr","locations":[{"start":{"line":430,"column":14},"end":{"line":456,"column":20}},{"start":{"line":458,"column":14},"end":{"line":458,"column":73}}],"line":429},"21":{"loc":{"start":{"line":434,"column":27},"end":{"line":434,"column":107}},"type":"binary-expr","locations":[{"start":{"line":434,"column":27},"end":{"line":434,"column":41}},{"start":{"line":434,"column":45},"end":{"line":434,"column":107}}],"line":434},"22":{"loc":{"start":{"line":450,"column":27},"end":{"line":450,"column":75}},"type":"cond-expr","locations":[{"start":{"line":450,"column":42},"end":{"line":450,"column":56}},{"start":{"line":450,"column":59},"end":{"line":450,"column":75}}],"line":450},"23":{"loc":{"start":{"line":461,"column":12},"end":{"line":495,"column":13}},"type":"cond-expr","locations":[{"start":{"line":462,"column":14},"end":{"line":492,"column":20}},{"start":{"line":494,"column":14},"end":{"line":494,"column":58}}],"line":461},"24":{"loc":{"start":{"line":466,"column":27},"end":{"line":466,"column":107}},"type":"binary-expr","locations":[{"start":{"line":466,"column":27},"end":{"line":466,"column":41}},{"start":{"line":466,"column":45},"end":{"line":466,"column":107}}],"line":466},"25":{"loc":{"start":{"line":482,"column":41},"end":{"line":482,"column":77}},"type":"cond-expr","locations":[{"start":{"line":482,"column":56},"end":{"line":482,"column":63}},{"start":{"line":482,"column":66},"end":{"line":482,"column":77}}],"line":482},"26":{"loc":{"start":{"line":483,"column":27},"end":{"line":483,"column":64}},"type":"cond-expr","locations":[{"start":{"line":483,"column":42},"end":{"line":483,"column":51}},{"start":{"line":483,"column":54},"end":{"line":483,"column":64}}],"line":483},"27":{"loc":{"start":{"line":487,"column":21},"end":{"line":489,"column":21}},"type":"binary-expr","locations":[{"start":{"line":487,"column":21},"end":{"line":487,"column":34}},{"start":{"line":488,"column":22},"end":{"line":488,"column":86}}],"line":487},"28":{"loc":{"start":{"line":500,"column":9},"end":{"line":532,"column":9}},"type":"binary-expr","locations":[{"start":{"line":500,"column":9},"end":{"line":500,"column":16}},{"start":{"line":501,"column":10},"end":{"line":531,"column":20}}],"line":500},"29":{"loc":{"start":{"line":518,"column":22},"end":{"line":521,"column":23}},"type":"if","locations":[{"start":{"line":518,"column":22},"end":{"line":521,"column":23}},{"start":{},"end":{}}],"line":518}},"s":{"0":49,"1":48,"2":48,"3":48,"4":48,"5":48,"6":48,"7":48,"8":48,"9":48,"10":48,"11":48,"12":48,"13":16,"14":16,"15":48,"16":18,"17":18,"18":18,"19":18,"20":1,"21":18,"22":0,"23":18,"24":0,"25":18,"26":17,"27":15,"28":3,"29":3,"30":18,"31":48,"32":16,"33":16,"34":16,"35":14,"36":2,"37":48,"38":0,"39":0,"40":48,"41":1,"42":48,"43":1,"44":1,"45":1,"46":1,"47":1,"48":0,"49":0,"50":0,"51":0,"52":48,"53":1,"54":1,"55":1,"56":1,"57":1,"58":0,"59":0,"60":48,"61":0,"62":0,"63":0,"64":0,"65":0,"66":0,"67":0,"68":0,"69":0,"70":0,"71":0,"72":0,"73":0,"74":48,"75":0,"76":0,"77":0,"78":48,"79":3,"80":3,"81":3,"82":3,"83":2,"84":2,"85":2,"86":2,"87":1,"88":0,"89":0,"90":48,"91":1,"92":1,"93":48,"94":16,"95":32,"96":1,"97":1,"98":1,"99":2,"100":4,"101":3,"102":0,"103":0,"104":1,"105":0,"106":0,"107":11,"108":1,"109":0,"110":0,"111":1,"112":0,"113":0,"114":9,"115":0,"116":0,"117":12,"118":1,"119":0,"120":0,"121":0,"122":0,"123":0,"124":0,"125":0,"126":0,"127":0},"f":{"0":49,"1":16,"2":18,"3":16,"4":0,"5":0,"6":1,"7":1,"8":1,"9":0,"10":0,"11":0,"12":3,"13":1,"14":1,"15":2,"16":4,"17":3,"18":0,"19":1,"20":0,"21":0,"22":11,"23":1,"24":0,"25":0,"26":1,"27":0,"28":0,"29":9,"30":0,"31":12,"32":1,"33":0,"34":0,"35":0,"36":0},"b":{"0":[1,17],"1":[0,18],"2":[0,18],"3":[1,0],"4":[0,0],"5":[1,0],"6":[0,0],"7":[0,0],"8":[2,1],"9":[16,32],"10":[1,0],"11":[2,30],"12":[2,30],"13":[30,2],"14":[32,7],"15":[32,2],"16":[32,1],"17":[32,30],"18":[2,30],"19":[2,30],"20":[1,1],"21":[1,1],"22":[0,1],"23":[6,24],"24":[9,9],"25":[1,8],"26":[1,8],"27":[9,8],"28":[32,2],"29":[0,0]},"_coverageSchema":"1a1c01bbd47fc00a2c39e90264f33305004495a9","hash":"0a09927819cbb5fcc9ec1de7fb8099e65572d06c"}
}
