TN:
SF:src/App.js
FN:4,App
FN:31,(anonymous_1)
FN:37,(anonymous_2)
FN:57,(anonymous_3)
FN:68,(anonymous_4)
FN:69,(anonymous_5)
FN:73,(anonymous_6)
FN:78,(anonymous_7)
FN:102,(anonymous_8)
FN:117,(anonymous_9)
FN:153,(anonymous_10)
FN:155,(anonymous_11)
FN:162,(anonymous_12)
FN:188,(anonymous_13)
FN:204,(anonymous_14)
FN:215,(anonymous_15)
FN:222,(anonymous_16)
FN:247,(anonymous_17)
FN:257,(anonymous_18)
FN:318,(anonymous_19)
FN:350,(anonymous_20)
FN:383,(anonymous_21)
FN:386,(anonymous_22)
FN:398,(anonymous_23)
FN:407,(anonymous_24)
FN:416,(anonymous_25)
FN:431,(anonymous_26)
FN:437,(anonymous_27)
FN:446,(anonymous_28)
FN:463,(anonymous_29)
FN:469,(anonymous_30)
FN:479,(anonymous_31)
FN:488,(anonymous_32)
FN:507,(anonymous_33)
FN:508,(anonymous_34)
FN:515,(anonymous_35)
FN:520,(anonymous_36)
FNF:37
FNH:20
FNDA:49,App
FNDA:16,(anonymous_1)
FNDA:18,(anonymous_2)
FNDA:16,(anonymous_3)
FNDA:0,(anonymous_4)
FNDA:0,(anonymous_5)
FNDA:1,(anonymous_6)
FNDA:1,(anonymous_7)
FNDA:1,(anonymous_8)
FNDA:0,(anonymous_9)
FNDA:0,(anonymous_10)
FNDA:0,(anonymous_11)
FNDA:3,(anonymous_12)
FNDA:1,(anonymous_13)
FNDA:1,(anonymous_14)
FNDA:2,(anonymous_15)
FNDA:4,(anonymous_16)
FNDA:3,(anonymous_17)
FNDA:0,(anonymous_18)
FNDA:1,(anonymous_19)
FNDA:0,(anonymous_20)
FNDA:0,(anonymous_21)
FNDA:11,(anonymous_22)
FNDA:1,(anonymous_23)
FNDA:0,(anonymous_24)
FNDA:0,(anonymous_25)
FNDA:1,(anonymous_26)
FNDA:0,(anonymous_27)
FNDA:0,(anonymous_28)
FNDA:9,(anonymous_29)
FNDA:0,(anonymous_30)
FNDA:12,(anonymous_31)
FNDA:1,(anonymous_32)
FNDA:0,(anonymous_33)
FNDA:0,(anonymous_34)
FNDA:0,(anonymous_35)
FNDA:0,(anonymous_36)
DA:5,49
DA:6,48
DA:7,48
DA:8,48
DA:14,48
DA:15,48
DA:16,48
DA:17,48
DA:25,48
DA:26,48
DA:27,48
DA:28,48
DA:31,48
DA:32,16
DA:33,16
DA:37,48
DA:38,18
DA:39,18
DA:40,18
DA:41,18
DA:42,18
DA:43,18
DA:45,18
DA:46,17
DA:47,15
DA:49,3
DA:50,3
DA:52,18
DA:57,48
DA:58,16
DA:59,16
DA:60,16
DA:61,14
DA:63,2
DA:68,48
DA:69,0
DA:73,48
DA:74,1
DA:78,48
DA:79,1
DA:80,1
DA:87,1
DA:88,1
DA:90,1
DA:92,0
DA:93,0
DA:96,0
DA:97,0
DA:102,48
DA:103,1
DA:104,1
DA:105,1
DA:106,1
DA:107,1
DA:109,0
DA:112,0
DA:117,48
DA:118,0
DA:119,0
DA:120,0
DA:128,0
DA:129,0
DA:130,0
DA:131,0
DA:140,0
DA:141,0
DA:143,0
DA:144,0
DA:147,0
DA:148,0
DA:153,48
DA:154,0
DA:155,0
DA:162,48
DA:163,3
DA:164,3
DA:165,3
DA:173,3
DA:174,2
DA:175,2
DA:176,2
DA:177,2
DA:179,1
DA:182,0
DA:183,0
DA:188,48
DA:189,1
DA:190,1
DA:193,48
DA:194,16
DA:197,32
DA:205,1
DA:206,1
DA:207,1
DA:215,2
DA:222,4
DA:247,3
DA:258,0
DA:259,0
DA:319,1
DA:350,0
DA:383,0
DA:387,11
DA:398,1
DA:407,0
DA:416,0
DA:432,1
DA:438,0
DA:446,0
DA:464,9
DA:470,0
DA:471,0
DA:479,12
DA:488,1
DA:507,0
DA:508,0
DA:516,0
DA:517,0
DA:518,0
DA:519,0
DA:520,0
DA:523,0
LF:122
LH:80
BRDA:41,0,0,1
BRDA:41,0,1,17
BRDA:42,1,0,0
BRDA:42,1,1,18
BRDA:43,2,0,0
BRDA:43,2,1,18
BRDA:87,3,0,1
BRDA:87,3,1,0
BRDA:93,4,0,0
BRDA:93,4,1,0
BRDA:105,5,0,1
BRDA:105,5,1,0
BRDA:128,6,0,0
BRDA:128,6,1,0
BRDA:144,7,0,0
BRDA:144,7,1,0
BRDA:173,8,0,2
BRDA:173,8,1,1
BRDA:193,9,0,16
BRDA:193,9,1,32
BRDA:206,10,0,1
BRDA:206,10,1,0
BRDA:211,11,0,2
BRDA:211,11,1,30
BRDA:217,12,0,2
BRDA:217,12,1,30
BRDA:219,13,0,30
BRDA:219,13,1,2
BRDA:238,14,0,32
BRDA:238,14,1,7
BRDA:270,15,0,32
BRDA:270,15,1,2
BRDA:361,16,0,32
BRDA:361,16,1,1
BRDA:375,17,0,32
BRDA:375,17,1,30
BRDA:427,18,0,2
BRDA:427,18,1,30
BRDA:428,19,0,2
BRDA:428,19,1,30
BRDA:429,20,0,1
BRDA:429,20,1,1
BRDA:434,21,0,1
BRDA:434,21,1,1
BRDA:450,22,0,0
BRDA:450,22,1,1
BRDA:461,23,0,6
BRDA:461,23,1,24
BRDA:466,24,0,9
BRDA:466,24,1,9
BRDA:482,25,0,1
BRDA:482,25,1,8
BRDA:483,26,0,1
BRDA:483,26,1,8
BRDA:487,27,0,9
BRDA:487,27,1,8
BRDA:500,28,0,32
BRDA:500,28,1,2
BRDA:518,29,0,0
BRDA:518,29,1,0
BRF:60
BRH:46
end_of_record
